# JRE version: OpenJDK Runtime Environment (8.0_202-b03) (build 1.8.0_202-release-1483-b03)
# Java VM: OpenJDK 64-Bit Server VM (25.202-b03 mixed mode windows-amd64 compressed oops)
Heap:
 PSYoungGen      total 38400K, used 18673K [0x00000000d8700000, 0x00000000db180000, 0x0000000100000000)
  eden space 33280K, 40% used [0x00000000d8700000,0x00000000d94445c8,0x00000000da780000)
  from space 5120K, 99% used [0x00000000dac80000,0x00000000db178020,0x00000000db180000)
  to   space 5120K, 0% used [0x00000000da780000,0x00000000da780000,0x00000000dac80000)
 ParOldGen       total 87552K, used 5019K [0x0000000089400000, 0x000000008e980000, 0x00000000d8700000)
  object space 87552K, 5% used [0x0000000089400000,0x00000000898e6e10,0x000000008e980000)
 Metaspace       used 17169K, capacity 17556K, committed 17792K, reserved 1064960K
  class space    used 2480K, capacity 2606K, committed 2688K, reserved 1048576K
GC Heap History (8 events):
Event: 1.100 GC heap before
{Heap before GC invocations=1 (full 0):
 PSYoungGen      total 38400K, used 33280K [0x00000000d8700000, 0x00000000db180000, 0x0000000100000000)
  eden space 33280K, 100% used [0x00000000d8700000,0x00000000da780000,0x00000000da780000)
  from space 5120K, 0% used [0x00000000dac80000,0x00000000dac80000,0x00000000db180000)
  to   space 5120K, 0% used [0x00000000da780000,0x00000000da780000,0x00000000dac80000)
 ParOldGen       total 87552K, used 0K [0x0000000089400000, 0x000000008e980000, 0x00000000d8700000)
  object space 87552K, 0% used [0x0000000089400000,0x0000000089400000,0x000000008e980000)
 Metaspace       used 6637K, capacity 6800K, committed 7040K, reserved 1056768K
  class space    used 811K, capacity 844K, committed 896K, reserved 1048576K
Event: 1.107 GC heap after
Heap after GC invocations=1 (full 0):
 PSYoungGen      total 38400K, used 4146K [0x00000000d8700000, 0x00000000db180000, 0x0000000100000000)
  eden space 33280K, 0% used [0x00000000d8700000,0x00000000d8700000,0x00000000da780000)
  from space 5120K, 80% used [0x00000000da780000,0x00000000dab8c9d0,0x00000000dac80000)
  to   space 5120K, 0% used [0x00000000dac80000,0x00000000dac80000,0x00000000db180000)
 ParOldGen       total 87552K, used 8K [0x0000000089400000, 0x000000008e980000, 0x00000000d8700000)
  object space 87552K, 0% used [0x0000000089400000,0x0000000089402000,0x000000008e980000)
 Metaspace       used 6637K, capacity 6800K, committed 7040K, reserved 1056768K
  class space    used 811K, capacity 844K, committed 896K, reserved 1048576K
}
Event: 1.625 GC heap before
{Heap before GC invocations=2 (full 0):
 PSYoungGen      total 38400K, used 37426K [0x00000000d8700000, 0x00000000db180000, 0x0000000100000000)
  eden space 33280K, 100% used [0x00000000d8700000,0x00000000da780000,0x00000000da780000)
  from space 5120K, 80% used [0x00000000da780000,0x00000000dab8c9d0,0x00000000dac80000)
  to   space 5120K, 0% used [0x00000000dac80000,0x00000000dac80000,0x00000000db180000)
 ParOldGen       total 87552K, used 8K [0x0000000089400000, 0x000000008e980000, 0x00000000d8700000)
  object space 87552K, 0% used [0x0000000089400000,0x0000000089402000,0x000000008e980000)
 Metaspace       used 8938K, capacity 9204K, committed 9472K, reserved 1056768K
  class space    used 1171K, capacity 1258K, committed 1280K, reserved 1048576K
Event: 1.631 GC heap after
Heap after GC invocations=2 (full 0):
 PSYoungGen      total 38400K, used 4564K [0x00000000d8700000, 0x00000000db180000, 0x0000000100000000)
  eden space 33280K, 0% used [0x00000000d8700000,0x00000000d8700000,0x00000000da780000)
  from space 5120K, 89% used [0x00000000dac80000,0x00000000db0f53a8,0x00000000db180000)
  to   space 5120K, 0% used [0x00000000da780000,0x00000000da780000,0x00000000dac80000)
 ParOldGen       total 87552K, used 16K [0x0000000089400000, 0x000000008e980000, 0x00000000d8700000)
  object space 87552K, 0% used [0x0000000089400000,0x0000000089404000,0x000000008e980000)
 Metaspace       used 8938K, capacity 9204K, committed 9472K, reserved 1056768K
  class space    used 1171K, capacity 1258K, committed 1280K, reserved 1048576K
}
Event: 2.295 GC heap before
{Heap before GC invocations=3 (full 0):
 PSYoungGen      total 38400K, used 37844K [0x00000000d8700000, 0x00000000db180000, 0x0000000100000000)
  eden space 33280K, 100% used [0x00000000d8700000,0x00000000da780000,0x00000000da780000)
  from space 5120K, 89% used [0x00000000dac80000,0x00000000db0f53a8,0x00000000db180000)
  to   space 5120K, 0% used [0x00000000da780000,0x00000000da780000,0x00000000dac80000)
 ParOldGen       total 87552K, used 16K [0x0000000089400000, 0x000000008e980000, 0x00000000d8700000)
  object space 87552K, 0% used [0x0000000089400000,0x0000000089404000,0x000000008e980000)
 Metaspace       used 13283K, capacity 13636K, committed 13824K, reserved 1060864K
  class space    used 1837K, capacity 1956K, committed 2048K, reserved 1048576K
Event: 2.299 GC heap after
Heap after GC invocations=3 (full 0):
 PSYoungGen      total 38400K, used 5106K [0x00000000d8700000, 0x00000000db180000, 0x0000000100000000)
  eden space 33280K, 0% used [0x00000000d8700000,0x00000000d8700000,0x00000000da780000)
  from space 5120K, 99% used [0x00000000da780000,0x00000000dac7c878,0x00000000dac80000)
  to   space 5120K, 0% used [0x00000000dac80000,0x00000000dac80000,0x00000000db180000)
 ParOldGen       total 87552K, used 1871K [0x0000000089400000, 0x000000008e980000, 0x00000000d8700000)
  object space 87552K, 2% used [0x0000000089400000,0x00000000895d3dc0,0x000000008e980000)
 Metaspace       used 13283K, capacity 13636K, committed 13824K, reserved 1060864K
  class space    used 1837K, capacity 1956K, committed 2048K, reserved 1048576K
}
Event: 2.567 GC heap before
{Heap before GC invocations=4 (full 0):
 PSYoungGen      total 38400K, used 38386K [0x00000000d8700000, 0x00000000db180000, 0x0000000100000000)
  eden space 33280K, 100% used [0x00000000d8700000,0x00000000da780000,0x00000000da780000)
  from space 5120K, 99% used [0x00000000da780000,0x00000000dac7c878,0x00000000dac80000)
  to   space 5120K, 0% used [0x00000000dac80000,0x00000000dac80000,0x00000000db180000)
 ParOldGen       total 87552K, used 1871K [0x0000000089400000, 0x000000008e980000, 0x00000000d8700000)
  object space 87552K, 2% used [0x0000000089400000,0x00000000895d3dc0,0x000000008e980000)
 Metaspace       used 16175K, capacity 16564K, committed 16896K, reserved 1062912K
  class space    used 2300K, capacity 2446K, committed 2560K, reserved 1048576K
Event: 2.583 GC heap after
Heap after GC invocations=4 (full 0):
 PSYoungGen      total 38400K, used 5088K [0x00000000d8700000, 0x00000000db180000, 0x0000000100000000)
  eden space 33280K, 0% used [0x00000000d8700000,0x00000000d8700000,0x00000000da780000)
  from space 5120K, 99% used [0x00000000dac80000,0x00000000db178020,0x00000000db180000)
  to   space 5120K, 0% used [0x00000000da780000,0x00000000da780000,0x00000000dac80000)
 ParOldGen       total 87552K, used 5019K [0x0000000089400000, 0x000000008e980000, 0x00000000d8700000)
  object space 87552K, 5% used [0x0000000089400000,0x00000000898e6e10,0x000000008e980000)
 Metaspace       used 16175K, capacity 16564K, committed 16896K, reserved 1062912K
  class space    used 2300K, capacity 2446K, committed 2560K, reserved 1048576K
}

