# JRE version: OpenJDK Runtime Environment (8.0_202-b03) (build 1.8.0_202-release-1483-b03)
# Java VM: OpenJDK 64-Bit Server VM (25.202-b03 mixed mode windows-amd64 compressed oops)
Heap:
 PSYoungGen      total 108544K, used 60860K [0x00000000e0000000, 0x00000000e8200000, 0x0000000100000000)
  eden space 98304K, 51% used [0x00000000e0000000,0x00000000e31a14f8,0x00000000e6000000)
  from space 10240K, 98% used [0x00000000e6200000,0x00000000e6bcde20,0x00000000e6c00000)
  to   space 17408K, 0% used [0x00000000e7100000,0x00000000e7100000,0x00000000e8200000)
 ParOldGen       total 152064K, used 53976K [0x00000000a0000000, 0x00000000a9480000, 0x00000000e0000000)
  object space 152064K, 35% used [0x00000000a0000000,0x00000000a34b6300,0x00000000a9480000)
 Metaspace       used 72272K, capacity 75406K, committed 75736K, reserved 1114112K
  class space    used 9476K, capacity 10157K, committed 10240K, reserved 1048576K
GC Heap History (10 events):
Event: 905.808 GC heap before
{Heap before GC invocations=22 (full 3):
 PSYoungGen      total 115712K, used 115684K [0x00000000e0000000, 0x00000000e9080000, 0x0000000100000000)
  eden space 110080K, 100% used [0x00000000e0000000,0x00000000e6b80000,0x00000000e6b80000)
  from space 5632K, 99% used [0x00000000e8700000,0x00000000e8c79070,0x00000000e8c80000)
  to   space 18944K, 0% used [0x00000000e6b80000,0x00000000e6b80000,0x00000000e7e00000)
 ParOldGen       total 152064K, used 49158K [0x00000000a0000000, 0x00000000a9480000, 0x00000000e0000000)
  object space 152064K, 32% used [0x00000000a0000000,0x00000000a3001b50,0x00000000a9480000)
 Metaspace       used 70250K, capacity 72874K, committed 73176K, reserved 1112064K
  class space    used 9303K, capacity 9877K, committed 9984K, reserved 1048576K
Event: 905.834 GC heap after
Heap after GC invocations=22 (full 3):
 PSYoungGen      total 116224K, used 8481K [0x00000000e0000000, 0x00000000e8d00000, 0x0000000100000000)
  eden space 107520K, 0% used [0x00000000e0000000,0x00000000e0000000,0x00000000e6900000)
  from space 8704K, 97% used [0x00000000e6b80000,0x00000000e73c8790,0x00000000e7400000)
  to   space 18432K, 0% used [0x00000000e7b00000,0x00000000e7b00000,0x00000000e8d00000)
 ParOldGen       total 152064K, used 53944K [0x00000000a0000000, 0x00000000a9480000, 0x00000000e0000000)
  object space 152064K, 35% used [0x00000000a0000000,0x00000000a34ae300,0x00000000a9480000)
 Metaspace       used 70250K, capacity 72874K, committed 73176K, reserved 1112064K
  class space    used 9303K, capacity 9877K, committed 9984K, reserved 1048576K
}
Event: 1953.807 GC heap before
{Heap before GC invocations=23 (full 3):
 PSYoungGen      total 116224K, used 116001K [0x00000000e0000000, 0x00000000e8d00000, 0x0000000100000000)
  eden space 107520K, 100% used [0x00000000e0000000,0x00000000e6900000,0x00000000e6900000)
  from space 8704K, 97% used [0x00000000e6b80000,0x00000000e73c8790,0x00000000e7400000)
  to   space 18432K, 0% used [0x00000000e7b00000,0x00000000e7b00000,0x00000000e8d00000)
 ParOldGen       total 152064K, used 53944K [0x00000000a0000000, 0x00000000a9480000, 0x00000000e0000000)
  object space 152064K, 35% used [0x00000000a0000000,0x00000000a34ae300,0x00000000a9480000)
 Metaspace       used 71390K, capacity 74244K, committed 74328K, reserved 1114112K
  class space    used 9429K, capacity 10074K, committed 10112K, reserved 1048576K
Event: 1953.855 GC heap after
Heap after GC invocations=23 (full 3):
 PSYoungGen      total 120832K, used 12703K [0x00000000e0000000, 0x00000000e8a80000, 0x0000000100000000)
  eden space 104960K, 0% used [0x00000000e0000000,0x00000000e0000000,0x00000000e6680000)
  from space 15872K, 80% used [0x00000000e7b00000,0x00000000e8767fe8,0x00000000e8a80000)
  to   space 18432K, 0% used [0x00000000e6680000,0x00000000e6680000,0x00000000e7880000)
 ParOldGen       total 152064K, used 53952K [0x00000000a0000000, 0x00000000a9480000, 0x00000000e0000000)
  object space 152064K, 35% used [0x00000000a0000000,0x00000000a34b0300,0x00000000a9480000)
 Metaspace       used 71390K, capacity 74244K, committed 74328K, reserved 1114112K
  class space    used 9429K, capacity 10074K, committed 10112K, reserved 1048576K
}
Event: 2574.182 GC heap before
{Heap before GC invocations=24 (full 3):
 PSYoungGen      total 120832K, used 117663K [0x00000000e0000000, 0x00000000e8a80000, 0x0000000100000000)
  eden space 104960K, 100% used [0x00000000e0000000,0x00000000e6680000,0x00000000e6680000)
  from space 15872K, 80% used [0x00000000e7b00000,0x00000000e8767fe8,0x00000000e8a80000)
  to   space 18432K, 0% used [0x00000000e6680000,0x00000000e6680000,0x00000000e7880000)
 ParOldGen       total 152064K, used 53952K [0x00000000a0000000, 0x00000000a9480000, 0x00000000e0000000)
  object space 152064K, 35% used [0x00000000a0000000,0x00000000a34b0300,0x00000000a9480000)
 Metaspace       used 71722K, capacity 74604K, committed 74840K, reserved 1114112K
  class space    used 9439K, capacity 10090K, committed 10112K, reserved 1048576K
Event: 2574.205 GC heap after
Heap after GC invocations=24 (full 3):
 PSYoungGen      total 114688K, used 12162K [0x00000000e0000000, 0x00000000e8800000, 0x0000000100000000)
  eden space 102400K, 0% used [0x00000000e0000000,0x00000000e0000000,0x00000000e6400000)
  from space 12288K, 98% used [0x00000000e6680000,0x00000000e72608f8,0x00000000e7280000)
  to   space 18432K, 0% used [0x00000000e7600000,0x00000000e7600000,0x00000000e8800000)
 ParOldGen       total 152064K, used 53960K [0x00000000a0000000, 0x00000000a9480000, 0x00000000e0000000)
  object space 152064K, 35% used [0x00000000a0000000,0x00000000a34b2300,0x00000000a9480000)
 Metaspace       used 71722K, capacity 74604K, committed 74840K, reserved 1114112K
  class space    used 9439K, capacity 10090K, committed 10112K, reserved 1048576K
}
Event: 2852.288 GC heap before
{Heap before GC invocations=25 (full 3):
 PSYoungGen      total 114688K, used 114562K [0x00000000e0000000, 0x00000000e8800000, 0x0000000100000000)
  eden space 102400K, 100% used [0x00000000e0000000,0x00000000e6400000,0x00000000e6400000)
  from space 12288K, 98% used [0x00000000e6680000,0x00000000e72608f8,0x00000000e7280000)
  to   space 18432K, 0% used [0x00000000e7600000,0x00000000e7600000,0x00000000e8800000)
 ParOldGen       total 152064K, used 53960K [0x00000000a0000000, 0x00000000a9480000, 0x00000000e0000000)
  object space 152064K, 35% used [0x00000000a0000000,0x00000000a34b2300,0x00000000a9480000)
 Metaspace       used 71989K, capacity 75038K, committed 75224K, reserved 1114112K
  class space    used 9455K, capacity 10119K, committed 10240K, reserved 1048576K
Event: 2852.312 GC heap after
Heap after GC invocations=25 (full 3):
 PSYoungGen      total 115712K, used 11079K [0x00000000e0000000, 0x00000000e8500000, 0x0000000100000000)
  eden space 100352K, 0% used [0x00000000e0000000,0x00000000e0000000,0x00000000e6200000)
  from space 15360K, 72% used [0x00000000e7600000,0x00000000e80d1e50,0x00000000e8500000)
  to   space 17920K, 0% used [0x00000000e6200000,0x00000000e6200000,0x00000000e7380000)
 ParOldGen       total 152064K, used 53968K [0x00000000a0000000, 0x00000000a9480000, 0x00000000e0000000)
  object space 152064K, 35% used [0x00000000a0000000,0x00000000a34b4300,0x00000000a9480000)
 Metaspace       used 71989K, capacity 75038K, committed 75224K, reserved 1114112K
  class space    used 9455K, capacity 10119K, committed 10240K, reserved 1048576K
}
Event: 3313.497 GC heap before
{Heap before GC invocations=26 (full 3):
 PSYoungGen      total 115712K, used 111431K [0x00000000e0000000, 0x00000000e8500000, 0x0000000100000000)
  eden space 100352K, 100% used [0x00000000e0000000,0x00000000e6200000,0x00000000e6200000)
  from space 15360K, 72% used [0x00000000e7600000,0x00000000e80d1e50,0x00000000e8500000)
  to   space 17920K, 0% used [0x00000000e6200000,0x00000000e6200000,0x00000000e7380000)
 ParOldGen       total 152064K, used 53968K [0x00000000a0000000, 0x00000000a9480000, 0x00000000e0000000)
  object space 152064K, 35% used [0x00000000a0000000,0x00000000a34b4300,0x00000000a9480000)
 Metaspace       used 72250K, capacity 75400K, committed 75736K, reserved 1114112K
  class space    used 9475K, capacity 10156K, committed 10240K, reserved 1048576K
Event: 3313.513 GC heap after
Heap after GC invocations=26 (full 3):
 PSYoungGen      total 108544K, used 10039K [0x00000000e0000000, 0x00000000e8200000, 0x0000000100000000)
  eden space 98304K, 0% used [0x00000000e0000000,0x00000000e0000000,0x00000000e6000000)
  from space 10240K, 98% used [0x00000000e6200000,0x00000000e6bcde20,0x00000000e6c00000)
  to   space 17408K, 0% used [0x00000000e7100000,0x00000000e7100000,0x00000000e8200000)
 ParOldGen       total 152064K, used 53976K [0x00000000a0000000, 0x00000000a9480000, 0x00000000e0000000)
  object space 152064K, 35% used [0x00000000a0000000,0x00000000a34b6300,0x00000000a9480000)
 Metaspace       used 72250K, capacity 75400K, committed 75736K, reserved 1114112K
  class space    used 9475K, capacity 10156K, committed 10240K, reserved 1048576K
}

