# JRE version: OpenJDK Runtime Environment (8.0_202-b03) (build 1.8.0_202-release-1483-b03)
# Java VM: OpenJDK 64-Bit Server VM (25.202-b03 mixed mode windows-amd64 compressed oops)
Heap:
 PSYoungGen      total 147456K, used 41458K [0x00000000e0000000, 0x00000000e9f80000, 0x0000000100000000)
  eden space 133120K, 20% used [0x00000000e0000000,0x00000000e1a7f3d8,0x00000000e8200000)
  from space 14336K, 99% used [0x00000000e8380000,0x00000000e917d788,0x00000000e9180000)
  to   space 12288K, 0% used [0x00000000e9380000,0x00000000e9380000,0x00000000e9f80000)
 ParOldGen       total 59392K, used 26856K [0x00000000a0000000, 0x00000000a3a00000, 0x00000000e0000000)
  object space 59392K, 45% used [0x00000000a0000000,0x00000000a1a3a310,0x00000000a3a00000)
 Metaspace       used 56169K, capacity 57808K, committed 58152K, reserved 1099776K
  class space    used 7671K, capacity 8120K, committed 8232K, reserved 1048576K
GC Heap History (10 events):
Event: 6.196 GC heap before
{Heap before GC invocations=9 (full 1):
 PSYoungGen      total 76800K, used 74760K [0x00000000e0000000, 0x00000000e7c00000, 0x0000000100000000)
  eden space 66560K, 100% used [0x00000000e0000000,0x00000000e4100000,0x00000000e4100000)
  from space 10240K, 80% used [0x00000000e4100000,0x00000000e4902190,0x00000000e4b00000)
  to   space 10752K, 0% used [0x00000000e7180000,0x00000000e7180000,0x00000000e7c00000)
 ParOldGen       total 59392K, used 8364K [0x00000000a0000000, 0x00000000a3a00000, 0x00000000e0000000)
  object space 59392K, 14% used [0x00000000a0000000,0x00000000a082b0c0,0x00000000a3a00000)
 Metaspace       used 32301K, capacity 32870K, committed 33152K, reserved 1077248K
  class space    used 4457K, capacity 4652K, committed 4736K, reserved 1048576K
Event: 6.209 GC heap after
Heap after GC invocations=9 (full 1):
 PSYoungGen      total 115712K, used 8646K [0x00000000e0000000, 0x00000000e7d00000, 0x0000000100000000)
  eden space 104960K, 0% used [0x00000000e0000000,0x00000000e0000000,0x00000000e6680000)
  from space 10752K, 80% used [0x00000000e7180000,0x00000000e79f1bb0,0x00000000e7c00000)
  to   space 11264K, 0% used [0x00000000e6680000,0x00000000e6680000,0x00000000e7180000)
 ParOldGen       total 59392K, used 8372K [0x00000000a0000000, 0x00000000a3a00000, 0x00000000e0000000)
  object space 59392K, 14% used [0x00000000a0000000,0x00000000a082d0c0,0x00000000a3a00000)
 Metaspace       used 32301K, capacity 32870K, committed 33152K, reserved 1077248K
  class space    used 4457K, capacity 4652K, committed 4736K, reserved 1048576K
}
Event: 8.251 GC heap before
{Heap before GC invocations=10 (full 1):
 PSYoungGen      total 115712K, used 65892K [0x00000000e0000000, 0x00000000e7d00000, 0x0000000100000000)
  eden space 104960K, 54% used [0x00000000e0000000,0x00000000e37e7788,0x00000000e6680000)
  from space 10752K, 80% used [0x00000000e7180000,0x00000000e79f1bb0,0x00000000e7c00000)
  to   space 11264K, 0% used [0x00000000e6680000,0x00000000e6680000,0x00000000e7180000)
 ParOldGen       total 59392K, used 8372K [0x00000000a0000000, 0x00000000a3a00000, 0x00000000e0000000)
  object space 59392K, 14% used [0x00000000a0000000,0x00000000a082d0c0,0x00000000a3a00000)
 Metaspace       used 34731K, capacity 35476K, committed 35496K, reserved 1079296K
  class space    used 4787K, capacity 5031K, committed 5032K, reserved 1048576K
Event: 8.265 GC heap after
Heap after GC invocations=10 (full 1):
 PSYoungGen      total 116224K, used 10803K [0x00000000e0000000, 0x00000000e9f80000, 0x0000000100000000)
  eden space 104960K, 0% used [0x00000000e0000000,0x00000000e0000000,0x00000000e6680000)
  from space 11264K, 95% used [0x00000000e6680000,0x00000000e710ce48,0x00000000e7180000)
  to   space 12288K, 0% used [0x00000000e9380000,0x00000000e9380000,0x00000000e9f80000)
 ParOldGen       total 59392K, used 8380K [0x00000000a0000000, 0x00000000a3a00000, 0x00000000e0000000)
  object space 59392K, 14% used [0x00000000a0000000,0x00000000a082f0c0,0x00000000a3a00000)
 Metaspace       used 34731K, capacity 35476K, committed 35496K, reserved 1079296K
  class space    used 4787K, capacity 5031K, committed 5032K, reserved 1048576K
}
Event: 8.265 GC heap before
{Heap before GC invocations=11 (full 2):
 PSYoungGen      total 116224K, used 10803K [0x00000000e0000000, 0x00000000e9f80000, 0x0000000100000000)
  eden space 104960K, 0% used [0x00000000e0000000,0x00000000e0000000,0x00000000e6680000)
  from space 11264K, 95% used [0x00000000e6680000,0x00000000e710ce48,0x00000000e7180000)
  to   space 12288K, 0% used [0x00000000e9380000,0x00000000e9380000,0x00000000e9f80000)
 ParOldGen       total 59392K, used 8380K [0x00000000a0000000, 0x00000000a3a00000, 0x00000000e0000000)
  object space 59392K, 14% used [0x00000000a0000000,0x00000000a082f0c0,0x00000000a3a00000)
 Metaspace       used 34731K, capacity 35476K, committed 35496K, reserved 1079296K
  class space    used 4787K, capacity 5031K, committed 5032K, reserved 1048576K
Event: 8.346 GC heap after
Heap after GC invocations=11 (full 2):
 PSYoungGen      total 116224K, used 0K [0x00000000e0000000, 0x00000000e9f80000, 0x0000000100000000)
  eden space 104960K, 0% used [0x00000000e0000000,0x00000000e0000000,0x00000000e6680000)
  from space 11264K, 0% used [0x00000000e6680000,0x00000000e6680000,0x00000000e7180000)
  to   space 12288K, 0% used [0x00000000e9380000,0x00000000e9380000,0x00000000e9f80000)
 ParOldGen       total 59392K, used 17618K [0x00000000a0000000, 0x00000000a3a00000, 0x00000000e0000000)
  object space 59392K, 29% used [0x00000000a0000000,0x00000000a1134930,0x00000000a3a00000)
 Metaspace       used 34715K, capacity 35422K, committed 35496K, reserved 1079296K
  class space    used 4782K, capacity 5022K, committed 5032K, reserved 1048576K
}
Event: 10.010 GC heap before
{Heap before GC invocations=12 (full 2):
 PSYoungGen      total 116224K, used 104960K [0x00000000e0000000, 0x00000000e9f80000, 0x0000000100000000)
  eden space 104960K, 100% used [0x00000000e0000000,0x00000000e6680000,0x00000000e6680000)
  from space 11264K, 0% used [0x00000000e6680000,0x00000000e6680000,0x00000000e7180000)
  to   space 12288K, 0% used [0x00000000e9380000,0x00000000e9380000,0x00000000e9f80000)
 ParOldGen       total 59392K, used 17618K [0x00000000a0000000, 0x00000000a3a00000, 0x00000000e0000000)
  object space 59392K, 29% used [0x00000000a0000000,0x00000000a1134930,0x00000000a3a00000)
 Metaspace       used 45313K, capacity 46252K, committed 46376K, reserved 1089536K
  class space    used 6100K, capacity 6408K, committed 6440K, reserved 1048576K
Event: 10.024 GC heap after
Heap after GC invocations=12 (full 2):
 PSYoungGen      total 145408K, used 12256K [0x00000000e0000000, 0x00000000e9f80000, 0x0000000100000000)
  eden space 133120K, 0% used [0x00000000e0000000,0x00000000e0000000,0x00000000e8200000)
  from space 12288K, 99% used [0x00000000e9380000,0x00000000e9f78138,0x00000000e9f80000)
  to   space 14336K, 0% used [0x00000000e8380000,0x00000000e8380000,0x00000000e9180000)
 ParOldGen       total 59392K, used 19418K [0x00000000a0000000, 0x00000000a3a00000, 0x00000000e0000000)
  object space 59392K, 32% used [0x00000000a0000000,0x00000000a12f6ba8,0x00000000a3a00000)
 Metaspace       used 45313K, capacity 46252K, committed 46376K, reserved 1089536K
  class space    used 6100K, capacity 6408K, committed 6440K, reserved 1048576K
}
Event: 12.131 GC heap before
{Heap before GC invocations=13 (full 2):
 PSYoungGen      total 145408K, used 145376K [0x00000000e0000000, 0x00000000e9f80000, 0x0000000100000000)
  eden space 133120K, 100% used [0x00000000e0000000,0x00000000e8200000,0x00000000e8200000)
  from space 12288K, 99% used [0x00000000e9380000,0x00000000e9f78138,0x00000000e9f80000)
  to   space 14336K, 0% used [0x00000000e8380000,0x00000000e8380000,0x00000000e9180000)
 ParOldGen       total 59392K, used 19418K [0x00000000a0000000, 0x00000000a3a00000, 0x00000000e0000000)
  object space 59392K, 32% used [0x00000000a0000000,0x00000000a12f6ba8,0x00000000a3a00000)
 Metaspace       used 54151K, capacity 55584K, committed 55976K, reserved 1097728K
  class space    used 7343K, capacity 7754K, committed 7848K, reserved 1048576K
Event: 12.167 GC heap after
Heap after GC invocations=13 (full 2):
 PSYoungGen      total 147456K, used 14325K [0x00000000e0000000, 0x00000000e9f80000, 0x0000000100000000)
  eden space 133120K, 0% used [0x00000000e0000000,0x00000000e0000000,0x00000000e8200000)
  from space 14336K, 99% used [0x00000000e8380000,0x00000000e917d788,0x00000000e9180000)
  to   space 12288K, 0% used [0x00000000e9380000,0x00000000e9380000,0x00000000e9f80000)
 ParOldGen       total 59392K, used 26856K [0x00000000a0000000, 0x00000000a3a00000, 0x00000000e0000000)
  object space 59392K, 45% used [0x00000000a0000000,0x00000000a1a3a310,0x00000000a3a00000)
 Metaspace       used 54151K, capacity 55584K, committed 55976K, reserved 1097728K
  class space    used 7343K, capacity 7754K, committed 7848K, reserved 1048576K
}

