# JRE version: OpenJDK Runtime Environment (8.0_202-b03) (build 1.8.0_202-release-1483-b03)
# Java VM: OpenJDK 64-Bit Server VM (25.202-b03 mixed mode windows-amd64 compressed oops)
Heap:
 PSYoungGen      total 154112K, used 55120K [0x00000000d8700000, 0x00000000e4f00000, 0x0000000100000000)
  eden space 140800K, 39% used [0x00000000d8700000,0x00000000dbcd4098,0x00000000e1080000)
  from space 13312K, 0% used [0x00000000e1d80000,0x00000000e1d80000,0x00000000e2a80000)
  to   space 13312K, 0% used [0x00000000e1080000,0x00000000e1080000,0x00000000e1d80000)
 ParOldGen       total 66560K, used 16271K [0x0000000089400000, 0x000000008d500000, 0x00000000d8700000)
  object space 66560K, 24% used [0x0000000089400000,0x000000008a3e3d70,0x000000008d500000)
 Metaspace       used 42235K, capacity 43072K, committed 43352K, reserved 1087488K
  class space    used 5711K, capacity 5968K, committed 6016K, reserved 1048576K
GC Heap History (10 events):
Event: 1.746 GC heap before
{Heap before GC invocations=6 (full 1):
 PSYoungGen      total 71680K, used 5109K [0x00000000d8700000, 0x00000000e2000000, 0x0000000100000000)
  eden space 66560K, 0% used [0x00000000d8700000,0x00000000d8700000,0x00000000dc800000)
  from space 5120K, 99% used [0x00000000dc800000,0x00000000dccfd5c0,0x00000000dcd00000)
  to   space 11776K, 0% used [0x00000000e1480000,0x00000000e1480000,0x00000000e2000000)
 ParOldGen       total 87552K, used 10224K [0x0000000089400000, 0x000000008e980000, 0x00000000d8700000)
  object space 87552K, 11% used [0x0000000089400000,0x0000000089dfc368,0x000000008e980000)
 Metaspace       used 20744K, capacity 21120K, committed 21248K, reserved 1067008K
  class space    used 2919K, capacity 3062K, committed 3072K, reserved 1048576K
Event: 1.771 GC heap after
Heap after GC invocations=6 (full 1):
 PSYoungGen      total 71680K, used 0K [0x00000000d8700000, 0x00000000e2000000, 0x0000000100000000)
  eden space 66560K, 0% used [0x00000000d8700000,0x00000000d8700000,0x00000000dc800000)
  from space 5120K, 0% used [0x00000000dc800000,0x00000000dc800000,0x00000000dcd00000)
  to   space 11776K, 0% used [0x00000000e1480000,0x00000000e1480000,0x00000000e2000000)
 ParOldGen       total 66560K, used 10351K [0x0000000089400000, 0x000000008d500000, 0x00000000d8700000)
  object space 66560K, 15% used [0x0000000089400000,0x0000000089e1bc80,0x000000008d500000)
 Metaspace       used 20744K, capacity 21120K, committed 21248K, reserved 1067008K
  class space    used 2919K, capacity 3062K, committed 3072K, reserved 1048576K
}
Event: 2.667 GC heap before
{Heap before GC invocations=7 (full 1):
 PSYoungGen      total 71680K, used 66560K [0x00000000d8700000, 0x00000000e2000000, 0x0000000100000000)
  eden space 66560K, 100% used [0x00000000d8700000,0x00000000dc800000,0x00000000dc800000)
  from space 5120K, 0% used [0x00000000dc800000,0x00000000dc800000,0x00000000dcd00000)
  to   space 11776K, 0% used [0x00000000e1480000,0x00000000e1480000,0x00000000e2000000)
 ParOldGen       total 66560K, used 10351K [0x0000000089400000, 0x000000008d500000, 0x00000000d8700000)
  object space 66560K, 15% used [0x0000000089400000,0x0000000089e1bc80,0x000000008d500000)
 Metaspace       used 28588K, capacity 28992K, committed 29440K, reserved 1075200K
  class space    used 3858K, capacity 4011K, committed 4096K, reserved 1048576K
Event: 2.677 GC heap after
Heap after GC invocations=7 (full 1):
 PSYoungGen      total 107008K, used 7801K [0x00000000d8700000, 0x00000000e1c80000, 0x0000000100000000)
  eden space 98816K, 0% used [0x00000000d8700000,0x00000000d8700000,0x00000000de780000)
  from space 8192K, 95% used [0x00000000e1480000,0x00000000e1c1e710,0x00000000e1c80000)
  to   space 11264K, 0% used [0x00000000e0680000,0x00000000e0680000,0x00000000e1180000)
 ParOldGen       total 66560K, used 10359K [0x0000000089400000, 0x000000008d500000, 0x00000000d8700000)
  object space 66560K, 15% used [0x0000000089400000,0x0000000089e1dc80,0x000000008d500000)
 Metaspace       used 28588K, capacity 28992K, committed 29440K, reserved 1075200K
  class space    used 3858K, capacity 4011K, committed 4096K, reserved 1048576K
}
Event: 6.545 GC heap before
{Heap before GC invocations=8 (full 1):
 PSYoungGen      total 107008K, used 106617K [0x00000000d8700000, 0x00000000e1c80000, 0x0000000100000000)
  eden space 98816K, 100% used [0x00000000d8700000,0x00000000de780000,0x00000000de780000)
  from space 8192K, 95% used [0x00000000e1480000,0x00000000e1c1e710,0x00000000e1c80000)
  to   space 11264K, 0% used [0x00000000e0680000,0x00000000e0680000,0x00000000e1180000)
 ParOldGen       total 66560K, used 10359K [0x0000000089400000, 0x000000008d500000, 0x00000000d8700000)
  object space 66560K, 15% used [0x0000000089400000,0x0000000089e1dc80,0x000000008d500000)
 Metaspace       used 33800K, capacity 34416K, committed 34560K, reserved 1079296K
  class space    used 4654K, capacity 4831K, committed 4864K, reserved 1048576K
Event: 6.554 GC heap after
Heap after GC invocations=8 (full 1):
 PSYoungGen      total 141824K, used 11248K [0x00000000d8700000, 0x00000000e2a80000, 0x0000000100000000)
  eden space 130560K, 0% used [0x00000000d8700000,0x00000000d8700000,0x00000000e0680000)
  from space 11264K, 99% used [0x00000000e0680000,0x00000000e117c1d0,0x00000000e1180000)
  to   space 13312K, 0% used [0x00000000e1d80000,0x00000000e1d80000,0x00000000e2a80000)
 ParOldGen       total 66560K, used 10945K [0x0000000089400000, 0x000000008d500000, 0x00000000d8700000)
  object space 66560K, 16% used [0x0000000089400000,0x0000000089eb0768,0x000000008d500000)
 Metaspace       used 33800K, capacity 34416K, committed 34560K, reserved 1079296K
  class space    used 4654K, capacity 4831K, committed 4864K, reserved 1048576K
}
Event: 11.353 GC heap before
{Heap before GC invocations=9 (full 1):
 PSYoungGen      total 141824K, used 36579K [0x00000000d8700000, 0x00000000e2a80000, 0x0000000100000000)
  eden space 130560K, 19% used [0x00000000d8700000,0x00000000d9fbcb88,0x00000000e0680000)
  from space 11264K, 99% used [0x00000000e0680000,0x00000000e117c1d0,0x00000000e1180000)
  to   space 13312K, 0% used [0x00000000e1d80000,0x00000000e1d80000,0x00000000e2a80000)
 ParOldGen       total 66560K, used 10945K [0x0000000089400000, 0x000000008d500000, 0x00000000d8700000)
  object space 66560K, 16% used [0x0000000089400000,0x0000000089eb0768,0x000000008d500000)
 Metaspace       used 34574K, capacity 35312K, committed 35416K, reserved 1079296K
  class space    used 4760K, capacity 4981K, committed 4992K, reserved 1048576K
Event: 11.358 GC heap after
Heap after GC invocations=9 (full 1):
 PSYoungGen      total 154112K, used 9634K [0x00000000d8700000, 0x00000000e4f00000, 0x0000000100000000)
  eden space 140800K, 0% used [0x00000000d8700000,0x00000000d8700000,0x00000000e1080000)
  from space 13312K, 72% used [0x00000000e1d80000,0x00000000e26e8a90,0x00000000e2a80000)
  to   space 13312K, 0% used [0x00000000e1080000,0x00000000e1080000,0x00000000e1d80000)
 ParOldGen       total 66560K, used 10953K [0x0000000089400000, 0x000000008d500000, 0x00000000d8700000)
  object space 66560K, 16% used [0x0000000089400000,0x0000000089eb2768,0x000000008d500000)
 Metaspace       used 34574K, capacity 35312K, committed 35416K, reserved 1079296K
  class space    used 4760K, capacity 4981K, committed 4992K, reserved 1048576K
}
Event: 11.358 GC heap before
{Heap before GC invocations=10 (full 2):
 PSYoungGen      total 154112K, used 9634K [0x00000000d8700000, 0x00000000e4f00000, 0x0000000100000000)
  eden space 140800K, 0% used [0x00000000d8700000,0x00000000d8700000,0x00000000e1080000)
  from space 13312K, 72% used [0x00000000e1d80000,0x00000000e26e8a90,0x00000000e2a80000)
  to   space 13312K, 0% used [0x00000000e1080000,0x00000000e1080000,0x00000000e1d80000)
 ParOldGen       total 66560K, used 10953K [0x0000000089400000, 0x000000008d500000, 0x00000000d8700000)
  object space 66560K, 16% used [0x0000000089400000,0x0000000089eb2768,0x000000008d500000)
 Metaspace       used 34574K, capacity 35312K, committed 35416K, reserved 1079296K
  class space    used 4760K, capacity 4981K, committed 4992K, reserved 1048576K
Event: 11.416 GC heap after
Heap after GC invocations=10 (full 2):
 PSYoungGen      total 154112K, used 0K [0x00000000d8700000, 0x00000000e4f00000, 0x0000000100000000)
  eden space 140800K, 0% used [0x00000000d8700000,0x00000000d8700000,0x00000000e1080000)
  from space 13312K, 0% used [0x00000000e1d80000,0x00000000e1d80000,0x00000000e2a80000)
  to   space 13312K, 0% used [0x00000000e1080000,0x00000000e1080000,0x00000000e1d80000)
 ParOldGen       total 66560K, used 16271K [0x0000000089400000, 0x000000008d500000, 0x00000000d8700000)
  object space 66560K, 24% used [0x0000000089400000,0x000000008a3e3d70,0x000000008d500000)
 Metaspace       used 34546K, capacity 35216K, committed 35416K, reserved 1079296K
  class space    used 4751K, capacity 4965K, committed 4992K, reserved 1048576K
}

