# JRE version: OpenJDK Runtime Environment (8.0_202-b03) (build 1.8.0_202-release-1483-b03)
# Java VM: OpenJDK 64-Bit Server VM (25.202-b03 mixed mode windows-amd64 compressed oops)
Heap:
 PSYoungGen      total 118784K, used 8885K [0x00000000e0000000, 0x00000000e9a80000, 0x0000000100000000)
  eden space 104448K, 0% used [0x00000000e0000000,0x00000000e0000000,0x00000000e6600000)
  from space 14336K, 61% used [0x00000000e6600000,0x00000000e6ead678,0x00000000e7400000)
  to   space 14336K, 0% used [0x00000000e8c80000,0x00000000e8c80000,0x00000000e9a80000)
 ParOldGen       total 97792K, used 28166K [0x00000000a0000000, 0x00000000a5f80000, 0x00000000e0000000)
  object space 97792K, 28% used [0x00000000a0000000,0x00000000a1b81838,0x00000000a5f80000)
 Metaspace       used 57440K, capacity 59000K, committed 59160K, reserved 1099776K
  class space    used 7832K, capacity 8262K, committed 8360K, reserved 1048576K
GC Heap History (10 events):
Event: 10.399 GC heap after
Heap after GC invocations=13 (full 2):
 PSYoungGen      total 80384K, used 0K [0x00000000e0000000, 0x00000000e7200000, 0x0000000100000000)
  eden space 70656K, 0% used [0x00000000e0000000,0x00000000e0000000,0x00000000e4500000)
  from space 9728K, 0% used [0x00000000e4500000,0x00000000e4500000,0x00000000e4e80000)
  to   space 10240K, 0% used [0x00000000e6800000,0x00000000e6800000,0x00000000e7200000)
 ParOldGen       total 97792K, used 15953K [0x00000000a0000000, 0x00000000a5f80000, 0x00000000e0000000)
  object space 97792K, 16% used [0x00000000a0000000,0x00000000a0f94540,0x00000000a5f80000)
 Metaspace       used 34622K, capacity 35342K, committed 35496K, reserved 1079296K
  class space    used 4781K, capacity 4990K, committed 5032K, reserved 1048576K
}
Event: 12.148 GC heap before
{Heap before GC invocations=14 (full 2):
 PSYoungGen      total 80384K, used 70656K [0x00000000e0000000, 0x00000000e7200000, 0x0000000100000000)
  eden space 70656K, 100% used [0x00000000e0000000,0x00000000e4500000,0x00000000e4500000)
  from space 9728K, 0% used [0x00000000e4500000,0x00000000e4500000,0x00000000e4e80000)
  to   space 10240K, 0% used [0x00000000e6800000,0x00000000e6800000,0x00000000e7200000)
 ParOldGen       total 97792K, used 15953K [0x00000000a0000000, 0x00000000a5f80000, 0x00000000e0000000)
  object space 97792K, 16% used [0x00000000a0000000,0x00000000a0f94540,0x00000000a5f80000)
 Metaspace       used 42794K, capacity 43748K, committed 44072K, reserved 1087488K
  class space    used 5801K, capacity 6090K, committed 6184K, reserved 1048576K
Event: 12.161 GC heap after
Heap after GC invocations=14 (full 2):
 PSYoungGen      total 96256K, used 9977K [0x00000000e0000000, 0x00000000e7200000, 0x0000000100000000)
  eden space 86016K, 0% used [0x00000000e0000000,0x00000000e0000000,0x00000000e5400000)
  from space 10240K, 97% used [0x00000000e6800000,0x00000000e71be4f8,0x00000000e7200000)
  to   space 11264K, 0% used [0x00000000e5c00000,0x00000000e5c00000,0x00000000e6700000)
 ParOldGen       total 97792K, used 15961K [0x00000000a0000000, 0x00000000a5f80000, 0x00000000e0000000)
  object space 97792K, 16% used [0x00000000a0000000,0x00000000a0f96540,0x00000000a5f80000)
 Metaspace       used 42794K, capacity 43748K, committed 44072K, reserved 1087488K
  class space    used 5801K, capacity 6090K, committed 6184K, reserved 1048576K
}
Event: 13.585 GC heap before
{Heap before GC invocations=15 (full 2):
 PSYoungGen      total 96256K, used 95993K [0x00000000e0000000, 0x00000000e7200000, 0x0000000100000000)
  eden space 86016K, 100% used [0x00000000e0000000,0x00000000e5400000,0x00000000e5400000)
  from space 10240K, 97% used [0x00000000e6800000,0x00000000e71be4f8,0x00000000e7200000)
  to   space 11264K, 0% used [0x00000000e5c00000,0x00000000e5c00000,0x00000000e6700000)
 ParOldGen       total 97792K, used 15961K [0x00000000a0000000, 0x00000000a5f80000, 0x00000000e0000000)
  object space 97792K, 16% used [0x00000000a0000000,0x00000000a0f96540,0x00000000a5f80000)
 Metaspace       used 48877K, capacity 50206K, committed 50344K, reserved 1093632K
  class space    used 6624K, capacity 7012K, committed 7080K, reserved 1048576K
Event: 13.604 GC heap after
Heap after GC invocations=15 (full 2):
 PSYoungGen      total 105472K, used 11232K [0x00000000e0000000, 0x00000000e8180000, 0x0000000100000000)
  eden space 94208K, 0% used [0x00000000e0000000,0x00000000e0000000,0x00000000e5c00000)
  from space 11264K, 99% used [0x00000000e5c00000,0x00000000e66f83c8,0x00000000e6700000)
  to   space 13824K, 0% used [0x00000000e7400000,0x00000000e7400000,0x00000000e8180000)
 ParOldGen       total 97792K, used 18799K [0x00000000a0000000, 0x00000000a5f80000, 0x00000000e0000000)
  object space 97792K, 19% used [0x00000000a0000000,0x00000000a125bf70,0x00000000a5f80000)
 Metaspace       used 48877K, capacity 50206K, committed 50344K, reserved 1093632K
  class space    used 6624K, capacity 7012K, committed 7080K, reserved 1048576K
}
Event: 15.452 GC heap before
{Heap before GC invocations=16 (full 2):
 PSYoungGen      total 105472K, used 105440K [0x00000000e0000000, 0x00000000e8180000, 0x0000000100000000)
  eden space 94208K, 100% used [0x00000000e0000000,0x00000000e5c00000,0x00000000e5c00000)
  from space 11264K, 99% used [0x00000000e5c00000,0x00000000e66f83c8,0x00000000e6700000)
  to   space 13824K, 0% used [0x00000000e7400000,0x00000000e7400000,0x00000000e8180000)
 ParOldGen       total 97792K, used 18799K [0x00000000a0000000, 0x00000000a5f80000, 0x00000000e0000000)
  object space 97792K, 19% used [0x00000000a0000000,0x00000000a125bf70,0x00000000a5f80000)
 Metaspace       used 55352K, capacity 56850K, committed 57256K, reserved 1097728K
  class space    used 7520K, capacity 7979K, committed 8104K, reserved 1048576K
Event: 15.491 GC heap after
Heap after GC invocations=16 (full 2):
 PSYoungGen      total 118272K, used 10947K [0x00000000e0000000, 0x00000000e8e80000, 0x0000000100000000)
  eden space 104448K, 0% used [0x00000000e0000000,0x00000000e0000000,0x00000000e6600000)
  from space 13824K, 79% used [0x00000000e7400000,0x00000000e7eb0c50,0x00000000e8180000)
  to   space 14336K, 0% used [0x00000000e6600000,0x00000000e6600000,0x00000000e7400000)
 ParOldGen       total 97792K, used 28158K [0x00000000a0000000, 0x00000000a5f80000, 0x00000000e0000000)
  object space 97792K, 28% used [0x00000000a0000000,0x00000000a1b7f838,0x00000000a5f80000)
 Metaspace       used 55352K, capacity 56850K, committed 57256K, reserved 1097728K
  class space    used 7520K, capacity 7979K, committed 8104K, reserved 1048576K
}
Event: 16.448 GC heap before
{Heap before GC invocations=17 (full 2):
 PSYoungGen      total 118272K, used 47097K [0x00000000e0000000, 0x00000000e8e80000, 0x0000000100000000)
  eden space 104448K, 34% used [0x00000000e0000000,0x00000000e234d888,0x00000000e6600000)
  from space 13824K, 79% used [0x00000000e7400000,0x00000000e7eb0c50,0x00000000e8180000)
  to   space 14336K, 0% used [0x00000000e6600000,0x00000000e6600000,0x00000000e7400000)
 ParOldGen       total 97792K, used 28158K [0x00000000a0000000, 0x00000000a5f80000, 0x00000000e0000000)
  object space 97792K, 28% used [0x00000000a0000000,0x00000000a1b7f838,0x00000000a5f80000)
 Metaspace       used 57440K, capacity 59000K, committed 59160K, reserved 1099776K
  class space    used 7832K, capacity 8262K, committed 8360K, reserved 1048576K
Event: 16.460 GC heap after
Heap after GC invocations=17 (full 2):
 PSYoungGen      total 118784K, used 8885K [0x00000000e0000000, 0x00000000e9a80000, 0x0000000100000000)
  eden space 104448K, 0% used [0x00000000e0000000,0x00000000e0000000,0x00000000e6600000)
  from space 14336K, 61% used [0x00000000e6600000,0x00000000e6ead678,0x00000000e7400000)
  to   space 14336K, 0% used [0x00000000e8c80000,0x00000000e8c80000,0x00000000e9a80000)
 ParOldGen       total 97792K, used 28166K [0x00000000a0000000, 0x00000000a5f80000, 0x00000000e0000000)
  object space 97792K, 28% used [0x00000000a0000000,0x00000000a1b81838,0x00000000a5f80000)
 Metaspace       used 57440K, capacity 59000K, committed 59160K, reserved 1099776K
  class space    used 7832K, capacity 8262K, committed 8360K, reserved 1048576K
}
Event: 16.460 GC heap before
{Heap before GC invocations=18 (full 3):
 PSYoungGen      total 118784K, used 8885K [0x00000000e0000000, 0x00000000e9a80000, 0x0000000100000000)
  eden space 104448K, 0% used [0x00000000e0000000,0x00000000e0000000,0x00000000e6600000)
  from space 14336K, 61% used [0x00000000e6600000,0x00000000e6ead678,0x00000000e7400000)
  to   space 14336K, 0% used [0x00000000e8c80000,0x00000000e8c80000,0x00000000e9a80000)
 ParOldGen       total 97792K, used 28166K [0x00000000a0000000, 0x00000000a5f80000, 0x00000000e0000000)
  object space 97792K, 28% used [0x00000000a0000000,0x00000000a1b81838,0x00000000a5f80000)
 Metaspace       used 57440K, capacity 59000K, committed 59160K, reserved 1099776K
  class space    used 7832K, capacity 8262K, committed 8360K, reserved 1048576K

