# JRE version: OpenJDK Runtime Environment (8.0_202-b03) (build 1.8.0_202-release-1483-b03)
# Java VM: OpenJDK 64-Bit Server VM (25.202-b03 mixed mode windows-amd64 compressed oops)
Heap:
 PSYoungGen      total 111616K, used 51744K [0x00000000e0000000, 0x00000000e7980000, 0x0000000100000000)
  eden space 102400K, 41% used [0x00000000e0000000,0x00000000e29f7648,0x00000000e6400000)
  from space 9216K, 95% used [0x00000000e7080000,0x00000000e79109e8,0x00000000e7980000)
  to   space 10752K, 0% used [0x00000000e6480000,0x00000000e6480000,0x00000000e6f00000)
 ParOldGen       total 59904K, used 7760K [0x00000000a0000000, 0x00000000a3a80000, 0x00000000e0000000)
  object space 59904K, 12% used [0x00000000a0000000,0x00000000a07943e0,0x00000000a3a80000)
 Metaspace       used 33945K, capacity 34504K, committed 34816K, reserved 1079296K
  class space    used 4674K, capacity 4837K, committed 4864K, reserved 1048576K
GC Heap History (10 events):
Event: 1.708 GC heap before
{Heap before GC invocations=5 (full 0):
 PSYoungGen      total 38400K, used 38368K [0x00000000e0000000, 0x00000000e4b00000, 0x0000000100000000)
  eden space 33280K, 100% used [0x00000000e0000000,0x00000000e2080000,0x00000000e2080000)
  from space 5120K, 99% used [0x00000000e2580000,0x00000000e2a78020,0x00000000e2a80000)
  to   space 5120K, 0% used [0x00000000e2080000,0x00000000e2080000,0x00000000e2580000)
 ParOldGen       total 87552K, used 5070K [0x00000000a0000000, 0x00000000a5580000, 0x00000000e0000000)
  object space 87552K, 5% used [0x00000000a0000000,0x00000000a04f3970,0x00000000a5580000)
 Metaspace       used 19257K, capacity 19616K, committed 19840K, reserved 1067008K
  class space    used 2790K, capacity 2902K, committed 2944K, reserved 1048576K
Event: 1.716 GC heap after
Heap after GC invocations=5 (full 0):
 PSYoungGen      total 38400K, used 5108K [0x00000000e0000000, 0x00000000e5600000, 0x0000000100000000)
  eden space 33280K, 0% used [0x00000000e0000000,0x00000000e0000000,0x00000000e2080000)
  from space 5120K, 99% used [0x00000000e2080000,0x00000000e257d060,0x00000000e2580000)
  to   space 10752K, 0% used [0x00000000e4b80000,0x00000000e4b80000,0x00000000e5600000)
 ParOldGen       total 87552K, used 8622K [0x00000000a0000000, 0x00000000a5580000, 0x00000000e0000000)
  object space 87552K, 9% used [0x00000000a0000000,0x00000000a086bb40,0x00000000a5580000)
 Metaspace       used 19257K, capacity 19616K, committed 19840K, reserved 1067008K
  class space    used 2790K, capacity 2902K, committed 2944K, reserved 1048576K
}
Event: 1.792 GC heap before
{Heap before GC invocations=6 (full 0):
 PSYoungGen      total 38400K, used 14870K [0x00000000e0000000, 0x00000000e5600000, 0x0000000100000000)
  eden space 33280K, 29% used [0x00000000e0000000,0x00000000e0988a58,0x00000000e2080000)
  from space 5120K, 99% used [0x00000000e2080000,0x00000000e257d060,0x00000000e2580000)
  to   space 10752K, 0% used [0x00000000e4b80000,0x00000000e4b80000,0x00000000e5600000)
 ParOldGen       total 87552K, used 8622K [0x00000000a0000000, 0x00000000a5580000, 0x00000000e0000000)
  object space 87552K, 9% used [0x00000000a0000000,0x00000000a086bb40,0x00000000a5580000)
 Metaspace       used 20751K, capacity 21120K, committed 21248K, reserved 1067008K
  class space    used 2918K, capacity 3062K, committed 3072K, reserved 1048576K
Event: 1.795 GC heap after
Heap after GC invocations=6 (full 0):
 PSYoungGen      total 76288K, used 6885K [0x00000000e0000000, 0x00000000e5500000, 0x0000000100000000)
  eden space 66560K, 0% used [0x00000000e0000000,0x00000000e0000000,0x00000000e4100000)
  from space 9728K, 70% used [0x00000000e4b80000,0x00000000e5239558,0x00000000e5500000)
  to   space 10240K, 0% used [0x00000000e4100000,0x00000000e4100000,0x00000000e4b00000)
 ParOldGen       total 87552K, used 8630K [0x00000000a0000000, 0x00000000a5580000, 0x00000000e0000000)
  object space 87552K, 9% used [0x00000000a0000000,0x00000000a086db40,0x00000000a5580000)
 Metaspace       used 20751K, capacity 21120K, committed 21248K, reserved 1067008K
  class space    used 2918K, capacity 3062K, committed 3072K, reserved 1048576K
}
Event: 1.795 GC heap before
{Heap before GC invocations=7 (full 1):
 PSYoungGen      total 76288K, used 6885K [0x00000000e0000000, 0x00000000e5500000, 0x0000000100000000)
  eden space 66560K, 0% used [0x00000000e0000000,0x00000000e0000000,0x00000000e4100000)
  from space 9728K, 70% used [0x00000000e4b80000,0x00000000e5239558,0x00000000e5500000)
  to   space 10240K, 0% used [0x00000000e4100000,0x00000000e4100000,0x00000000e4b00000)
 ParOldGen       total 87552K, used 8630K [0x00000000a0000000, 0x00000000a5580000, 0x00000000e0000000)
  object space 87552K, 9% used [0x00000000a0000000,0x00000000a086db40,0x00000000a5580000)
 Metaspace       used 20751K, capacity 21120K, committed 21248K, reserved 1067008K
  class space    used 2918K, capacity 3062K, committed 3072K, reserved 1048576K
Event: 1.822 GC heap after
Heap after GC invocations=7 (full 1):
 PSYoungGen      total 76288K, used 0K [0x00000000e0000000, 0x00000000e5500000, 0x0000000100000000)
  eden space 66560K, 0% used [0x00000000e0000000,0x00000000e0000000,0x00000000e4100000)
  from space 9728K, 0% used [0x00000000e4b80000,0x00000000e4b80000,0x00000000e5500000)
  to   space 10240K, 0% used [0x00000000e4100000,0x00000000e4100000,0x00000000e4b00000)
 ParOldGen       total 59904K, used 7744K [0x00000000a0000000, 0x00000000a3a80000, 0x00000000e0000000)
  object space 59904K, 12% used [0x00000000a0000000,0x00000000a07903e0,0x00000000a3a80000)
 Metaspace       used 20751K, capacity 21120K, committed 21248K, reserved 1067008K
  class space    used 2918K, capacity 3062K, committed 3072K, reserved 1048576K
}
Event: 3.060 GC heap before
{Heap before GC invocations=8 (full 1):
 PSYoungGen      total 76288K, used 66560K [0x00000000e0000000, 0x00000000e5500000, 0x0000000100000000)
  eden space 66560K, 100% used [0x00000000e0000000,0x00000000e4100000,0x00000000e4100000)
  from space 9728K, 0% used [0x00000000e4b80000,0x00000000e4b80000,0x00000000e5500000)
  to   space 10240K, 0% used [0x00000000e4100000,0x00000000e4100000,0x00000000e4b00000)
 ParOldGen       total 59904K, used 7744K [0x00000000a0000000, 0x00000000a3a80000, 0x00000000e0000000)
  object space 59904K, 12% used [0x00000000a0000000,0x00000000a07903e0,0x00000000a3a80000)
 Metaspace       used 28613K, capacity 29056K, committed 29440K, reserved 1075200K
  class space    used 3857K, capacity 4011K, committed 4096K, reserved 1048576K
Event: 3.077 GC heap after
Heap after GC invocations=8 (full 1):
 PSYoungGen      total 76800K, used 7811K [0x00000000e0000000, 0x00000000e7a80000, 0x0000000100000000)
  eden space 66560K, 0% used [0x00000000e0000000,0x00000000e0000000,0x00000000e4100000)
  from space 10240K, 76% used [0x00000000e4100000,0x00000000e48a0ef8,0x00000000e4b00000)
  to   space 10240K, 0% used [0x00000000e7080000,0x00000000e7080000,0x00000000e7a80000)
 ParOldGen       total 59904K, used 7752K [0x00000000a0000000, 0x00000000a3a80000, 0x00000000e0000000)
  object space 59904K, 12% used [0x00000000a0000000,0x00000000a07923e0,0x00000000a3a80000)
 Metaspace       used 28613K, capacity 29056K, committed 29440K, reserved 1075200K
  class space    used 3857K, capacity 4011K, committed 4096K, reserved 1048576K
}
Event: 5.080 GC heap before
{Heap before GC invocations=9 (full 1):
 PSYoungGen      total 76800K, used 74371K [0x00000000e0000000, 0x00000000e7a80000, 0x0000000100000000)
  eden space 66560K, 100% used [0x00000000e0000000,0x00000000e4100000,0x00000000e4100000)
  from space 10240K, 76% used [0x00000000e4100000,0x00000000e48a0ef8,0x00000000e4b00000)
  to   space 10240K, 0% used [0x00000000e7080000,0x00000000e7080000,0x00000000e7a80000)
 ParOldGen       total 59904K, used 7752K [0x00000000a0000000, 0x00000000a3a80000, 0x00000000e0000000)
  object space 59904K, 12% used [0x00000000a0000000,0x00000000a07923e0,0x00000000a3a80000)
 Metaspace       used 32053K, capacity 32504K, committed 32768K, reserved 1077248K
  class space    used 4411K, capacity 4563K, committed 4608K, reserved 1048576K
Event: 5.097 GC heap after
Heap after GC invocations=9 (full 1):
 PSYoungGen      total 111616K, used 8770K [0x00000000e0000000, 0x00000000e7980000, 0x0000000100000000)
  eden space 102400K, 0% used [0x00000000e0000000,0x00000000e0000000,0x00000000e6400000)
  from space 9216K, 95% used [0x00000000e7080000,0x00000000e79109e8,0x00000000e7980000)
  to   space 10752K, 0% used [0x00000000e6480000,0x00000000e6480000,0x00000000e6f00000)
 ParOldGen       total 59904K, used 7760K [0x00000000a0000000, 0x00000000a3a80000, 0x00000000e0000000)
  object space 59904K, 12% used [0x00000000a0000000,0x00000000a07943e0,0x00000000a3a80000)
 Metaspace       used 32053K, capacity 32504K, committed 32768K, reserved 1077248K
  class space    used 4411K, capacity 4563K, committed 4608K, reserved 1048576K
}

