# JRE version: OpenJDK Runtime Environment (8.0_202-b03) (build 1.8.0_202-release-1483-b03)
# Java VM: OpenJDK 64-Bit Server VM (25.202-b03 mixed mode windows-amd64 compressed oops)
Heap:
 PSYoungGen      total 274944K, used 61226K [0x00000000d8700000, 0x00000000eb080000, 0x0000000100000000)
  eden space 260608K, 19% used [0x00000000d8700000,0x00000000db75d028,0x00000000e8580000)
  from space 14336K, 81% used [0x00000000ea280000,0x00000000eaded9d8,0x00000000eb080000)
  to   space 22016K, 0% used [0x00000000e8580000,0x00000000e8580000,0x00000000e9b00000)
 ParOldGen       total 125440K, used 32059K [0x0000000089400000, 0x0000000090e80000, 0x00000000d8700000)
  object space 125440K, 25% used [0x0000000089400000,0x000000008b34ec50,0x0000000090e80000)
 Metaspace       used 67027K, capacity 69104K, committed 69208K, reserved 1112064K
  class space    used 8805K, capacity 9320K, committed 9344K, reserved 1048576K
GC Heap History (10 events):
Event: 9.607 GC heap before
{Heap before GC invocations=11 (full 2):
 PSYoungGen      total 157696K, used 144384K [0x00000000d8700000, 0x00000000e5200000, 0x0000000100000000)
  eden space 144384K, 100% used [0x00000000d8700000,0x00000000e1400000,0x00000000e1400000)
  from space 13312K, 0% used [0x00000000e2100000,0x00000000e2100000,0x00000000e2e00000)
  to   space 13312K, 0% used [0x00000000e1400000,0x00000000e1400000,0x00000000e2100000)
 ParOldGen       total 101888K, used 16231K [0x0000000089400000, 0x000000008f780000, 0x00000000d8700000)
  object space 101888K, 15% used [0x0000000089400000,0x000000008a3d9ee8,0x000000008f780000)
 Metaspace       used 47921K, capacity 49098K, committed 49368K, reserved 1091584K
  class space    used 6464K, capacity 6794K, committed 6912K, reserved 1048576K
Event: 9.620 GC heap after
Heap after GC invocations=11 (full 2):
 PSYoungGen      total 157696K, used 13283K [0x00000000d8700000, 0x00000000e5500000, 0x0000000100000000)
  eden space 144384K, 0% used [0x00000000d8700000,0x00000000d8700000,0x00000000e1400000)
  from space 13312K, 99% used [0x00000000e1400000,0x00000000e20f8ce8,0x00000000e2100000)
  to   space 16896K, 0% used [0x00000000e4480000,0x00000000e4480000,0x00000000e5500000)
 ParOldGen       total 101888K, used 21216K [0x0000000089400000, 0x000000008f780000, 0x00000000d8700000)
  object space 101888K, 20% used [0x0000000089400000,0x000000008a8b8180,0x000000008f780000)
 Metaspace       used 47921K, capacity 49098K, committed 49368K, reserved 1091584K
  class space    used 6464K, capacity 6794K, committed 6912K, reserved 1048576K
}
Event: 11.866 GC heap before
{Heap before GC invocations=12 (full 2):
 PSYoungGen      total 157696K, used 157667K [0x00000000d8700000, 0x00000000e5500000, 0x0000000100000000)
  eden space 144384K, 100% used [0x00000000d8700000,0x00000000e1400000,0x00000000e1400000)
  from space 13312K, 99% used [0x00000000e1400000,0x00000000e20f8ce8,0x00000000e2100000)
  to   space 16896K, 0% used [0x00000000e4480000,0x00000000e4480000,0x00000000e5500000)
 ParOldGen       total 101888K, used 21216K [0x0000000089400000, 0x000000008f780000, 0x00000000d8700000)
  object space 101888K, 20% used [0x0000000089400000,0x000000008a8b8180,0x000000008f780000)
 Metaspace       used 57239K, capacity 58838K, committed 58968K, reserved 1099776K
  class space    used 7797K, capacity 8215K, committed 8320K, reserved 1048576K
Event: 11.882 GC heap after
Heap after GC invocations=12 (full 2):
 PSYoungGen      total 188928K, used 16885K [0x00000000d8700000, 0x00000000e5e00000, 0x0000000100000000)
  eden space 172032K, 0% used [0x00000000d8700000,0x00000000d8700000,0x00000000e2f00000)
  from space 16896K, 99% used [0x00000000e4480000,0x00000000e54fd7d0,0x00000000e5500000)
  to   space 22016K, 0% used [0x00000000e2f00000,0x00000000e2f00000,0x00000000e4480000)
 ParOldGen       total 101888K, used 28464K [0x0000000089400000, 0x000000008f780000, 0x00000000d8700000)
  object space 101888K, 27% used [0x0000000089400000,0x000000008afcc128,0x000000008f780000)
 Metaspace       used 57239K, capacity 58838K, committed 58968K, reserved 1099776K
  class space    used 7797K, capacity 8215K, committed 8320K, reserved 1048576K
}
Event: 11.889 GC heap before
{Heap before GC invocations=13 (full 2):
 PSYoungGen      total 188928K, used 23658K [0x00000000d8700000, 0x00000000e5e00000, 0x0000000100000000)
  eden space 172032K, 3% used [0x00000000d8700000,0x00000000d8d9d060,0x00000000e2f00000)
  from space 16896K, 99% used [0x00000000e4480000,0x00000000e54fd7d0,0x00000000e5500000)
  to   space 22016K, 0% used [0x00000000e2f00000,0x00000000e2f00000,0x00000000e4480000)
 ParOldGen       total 101888K, used 28464K [0x0000000089400000, 0x000000008f780000, 0x00000000d8700000)
  object space 101888K, 27% used [0x0000000089400000,0x000000008afcc128,0x000000008f780000)
 Metaspace       used 57275K, capacity 58838K, committed 58968K, reserved 1099776K
  class space    used 7804K, capacity 8215K, committed 8320K, reserved 1048576K
Event: 11.899 GC heap after
Heap after GC invocations=13 (full 2):
 PSYoungGen      total 194048K, used 16909K [0x00000000d8700000, 0x00000000eb900000, 0x0000000100000000)
  eden space 172032K, 0% used [0x00000000d8700000,0x00000000d8700000,0x00000000e2f00000)
  from space 22016K, 76% used [0x00000000e2f00000,0x00000000e3f837d0,0x00000000e4480000)
  to   space 23040K, 0% used [0x00000000ea280000,0x00000000ea280000,0x00000000eb900000)
 ParOldGen       total 101888K, used 28464K [0x0000000089400000, 0x000000008f780000, 0x00000000d8700000)
  object space 101888K, 27% used [0x0000000089400000,0x000000008afcc128,0x000000008f780000)
 Metaspace       used 57275K, capacity 58838K, committed 58968K, reserved 1099776K
  class space    used 7804K, capacity 8215K, committed 8320K, reserved 1048576K
}
Event: 11.899 GC heap before
{Heap before GC invocations=14 (full 3):
 PSYoungGen      total 194048K, used 16909K [0x00000000d8700000, 0x00000000eb900000, 0x0000000100000000)
  eden space 172032K, 0% used [0x00000000d8700000,0x00000000d8700000,0x00000000e2f00000)
  from space 22016K, 76% used [0x00000000e2f00000,0x00000000e3f837d0,0x00000000e4480000)
  to   space 23040K, 0% used [0x00000000ea280000,0x00000000ea280000,0x00000000eb900000)
 ParOldGen       total 101888K, used 28464K [0x0000000089400000, 0x000000008f780000, 0x00000000d8700000)
  object space 101888K, 27% used [0x0000000089400000,0x000000008afcc128,0x000000008f780000)
 Metaspace       used 57275K, capacity 58838K, committed 58968K, reserved 1099776K
  class space    used 7804K, capacity 8215K, committed 8320K, reserved 1048576K
Event: 12.104 GC heap after
Heap after GC invocations=14 (full 3):
 PSYoungGen      total 194048K, used 0K [0x00000000d8700000, 0x00000000eb900000, 0x0000000100000000)
  eden space 172032K, 0% used [0x00000000d8700000,0x00000000d8700000,0x00000000e2f00000)
  from space 22016K, 0% used [0x00000000e2f00000,0x00000000e2f00000,0x00000000e4480000)
  to   space 23040K, 0% used [0x00000000ea280000,0x00000000ea280000,0x00000000eb900000)
 ParOldGen       total 125440K, used 32051K [0x0000000089400000, 0x0000000090e80000, 0x00000000d8700000)
  object space 125440K, 25% used [0x0000000089400000,0x000000008b34cc50,0x0000000090e80000)
 Metaspace       used 57275K, capacity 58838K, committed 58968K, reserved 1099776K
  class space    used 7804K, capacity 8215K, committed 8320K, reserved 1048576K
}
Event: 5051.382 GC heap before
{Heap before GC invocations=15 (full 3):
 PSYoungGen      total 194048K, used 172032K [0x00000000d8700000, 0x00000000eb900000, 0x0000000100000000)
  eden space 172032K, 100% used [0x00000000d8700000,0x00000000e2f00000,0x00000000e2f00000)
  from space 22016K, 0% used [0x00000000e2f00000,0x00000000e2f00000,0x00000000e4480000)
  to   space 23040K, 0% used [0x00000000ea280000,0x00000000ea280000,0x00000000eb900000)
 ParOldGen       total 125440K, used 32051K [0x0000000089400000, 0x0000000090e80000, 0x00000000d8700000)
  object space 125440K, 25% used [0x0000000089400000,0x000000008b34cc50,0x0000000090e80000)
 Metaspace       used 63580K, capacity 65556K, committed 65752K, reserved 1105920K
  class space    used 8400K, capacity 8916K, committed 8960K, reserved 1048576K
Event: 5051.430 GC heap after
Heap after GC invocations=15 (full 3):
 PSYoungGen      total 274944K, used 11702K [0x00000000d8700000, 0x00000000eb080000, 0x0000000100000000)
  eden space 260608K, 0% used [0x00000000d8700000,0x00000000d8700000,0x00000000e8580000)
  from space 14336K, 81% used [0x00000000ea280000,0x00000000eaded9d8,0x00000000eb080000)
  to   space 22016K, 0% used [0x00000000e8580000,0x00000000e8580000,0x00000000e9b00000)
 ParOldGen       total 125440K, used 32059K [0x0000000089400000, 0x0000000090e80000, 0x00000000d8700000)
  object space 125440K, 25% used [0x0000000089400000,0x000000008b34ec50,0x0000000090e80000)
 Metaspace       used 63580K, capacity 65556K, committed 65752K, reserved 1105920K
  class space    used 8400K, capacity 8916K, committed 8960K, reserved 1048576K
}

