# JRE version: OpenJDK Runtime Environment (8.0_202-b03) (build 1.8.0_202-release-1483-b03)
# Java VM: OpenJDK 64-Bit Server VM (25.202-b03 mixed mode windows-amd64 compressed oops)
Heap:
 PSYoungGen      total 364544K, used 266133K [0x0000000760000000, 0x0000000778c80000, 0x00000007c0000000)
  eden space 322560K, 79% used [0x0000000760000000,0x000000076fbbea80,0x0000000773b00000)
  from space 41984K, 19% used [0x0000000776380000,0x0000000776ba6ac0,0x0000000778c80000)
  to   space 41472K, 0% used [0x0000000773b00000,0x0000000773b00000,0x0000000776380000)
 ParOldGen       total 222720K, used 89420K [0x00000006a0000000, 0x00000006ad980000, 0x0000000760000000)
  object space 222720K, 40% used [0x00000006a0000000,0x00000006a5753128,0x00000006ad980000)
 Metaspace       used 92135K, capacity 96020K, committed 97448K, reserved 1134592K
  class space    used 11808K, capacity 12606K, committed 12968K, reserved 1048576K
GC Heap History (10 events):
Event: 83.250 GC heap before
{Heap before GC invocations=30 (full 3):
 PSYoungGen      total 275968K, used 268200K [0x0000000760000000, 0x0000000774b80000, 0x00000007c0000000)
  eden space 233984K, 100% used [0x0000000760000000,0x000000076e480000,0x000000076e480000)
  from space 41984K, 81% used [0x0000000771180000,0x00000007732ea0f8,0x0000000773a80000)
  to   space 46080K, 0% used [0x000000076e480000,0x000000076e480000,0x0000000771180000)
 ParOldGen       total 141312K, used 98503K [0x00000006a0000000, 0x00000006a8a00000, 0x0000000760000000)
  object space 141312K, 69% used [0x00000006a0000000,0x00000006a6031f60,0x00000006a8a00000)
 Metaspace       used 91970K, capacity 96520K, committed 96808K, reserved 1132544K
  class space    used 11906K, capacity 12802K, committed 12840K, reserved 1048576K
Event: 83.300 GC heap after
Heap after GC invocations=30 (full 3):
 PSYoungGen      total 280064K, used 16975K [0x0000000760000000, 0x0000000776180000, 0x00000007c0000000)
  eden space 233984K, 0% used [0x0000000760000000,0x0000000760000000,0x000000076e480000)
  from space 46080K, 36% used [0x000000076e480000,0x000000076f513e20,0x0000000771180000)
  to   space 43520K, 0% used [0x0000000773700000,0x0000000773700000,0x0000000776180000)
 ParOldGen       total 141312K, used 118767K [0x00000006a0000000, 0x00000006a8a00000, 0x0000000760000000)
  object space 141312K, 84% used [0x00000006a0000000,0x00000006a73fbe20,0x00000006a8a00000)
 Metaspace       used 91970K, capacity 96520K, committed 96808K, reserved 1132544K
  class space    used 11906K, capacity 12802K, committed 12840K, reserved 1048576K
}
Event: 84.087 GC heap before
{Heap before GC invocations=31 (full 3):
 PSYoungGen      total 280064K, used 250959K [0x0000000760000000, 0x0000000776180000, 0x00000007c0000000)
  eden space 233984K, 100% used [0x0000000760000000,0x000000076e480000,0x000000076e480000)
  from space 46080K, 36% used [0x000000076e480000,0x000000076f513e20,0x0000000771180000)
  to   space 43520K, 0% used [0x0000000773700000,0x0000000773700000,0x0000000776180000)
 ParOldGen       total 141312K, used 118767K [0x00000006a0000000, 0x00000006a8a00000, 0x0000000760000000)
  object space 141312K, 84% used [0x00000006a0000000,0x00000006a73fbe20,0x00000006a8a00000)
 Metaspace       used 92330K, capacity 96814K, committed 96936K, reserved 1132544K
  class space    used 11941K, capacity 12849K, committed 12968K, reserved 1048576K
Event: 84.112 GC heap after
Heap after GC invocations=31 (full 3):
 PSYoungGen      total 316416K, used 7589K [0x0000000760000000, 0x0000000776000000, 0x00000007c0000000)
  eden space 274432K, 0% used [0x0000000760000000,0x0000000760000000,0x0000000770c00000)
  from space 41984K, 18% used [0x0000000773700000,0x0000000773e69748,0x0000000776000000)
  to   space 43008K, 0% used [0x0000000770c00000,0x0000000770c00000,0x0000000773600000)
 ParOldGen       total 141312K, used 126606K [0x00000006a0000000, 0x00000006a8a00000, 0x0000000760000000)
  object space 141312K, 89% used [0x00000006a0000000,0x00000006a7ba3bf8,0x00000006a8a00000)
 Metaspace       used 92330K, capacity 96814K, committed 96936K, reserved 1132544K
  class space    used 11941K, capacity 12849K, committed 12968K, reserved 1048576K
}
Event: 84.112 GC heap before
{Heap before GC invocations=32 (full 4):
 PSYoungGen      total 316416K, used 7589K [0x0000000760000000, 0x0000000776000000, 0x00000007c0000000)
  eden space 274432K, 0% used [0x0000000760000000,0x0000000760000000,0x0000000770c00000)
  from space 41984K, 18% used [0x0000000773700000,0x0000000773e69748,0x0000000776000000)
  to   space 43008K, 0% used [0x0000000770c00000,0x0000000770c00000,0x0000000773600000)
 ParOldGen       total 141312K, used 126606K [0x00000006a0000000, 0x00000006a8a00000, 0x0000000760000000)
  object space 141312K, 89% used [0x00000006a0000000,0x00000006a7ba3bf8,0x00000006a8a00000)
 Metaspace       used 92330K, capacity 96814K, committed 96936K, reserved 1132544K
  class space    used 11941K, capacity 12849K, committed 12968K, reserved 1048576K
Event: 84.537 GC heap after
Heap after GC invocations=32 (full 4):
 PSYoungGen      total 316416K, used 0K [0x0000000760000000, 0x0000000776000000, 0x00000007c0000000)
  eden space 274432K, 0% used [0x0000000760000000,0x0000000760000000,0x0000000770c00000)
  from space 41984K, 0% used [0x0000000773700000,0x0000000773700000,0x0000000776000000)
  to   space 43008K, 0% used [0x0000000770c00000,0x0000000770c00000,0x0000000773600000)
 ParOldGen       total 222720K, used 83515K [0x00000006a0000000, 0x00000006ad980000, 0x0000000760000000)
  object space 222720K, 37% used [0x00000006a0000000,0x00000006a518eca8,0x00000006ad980000)
 Metaspace       used 91852K, capacity 95590K, committed 96936K, reserved 1132544K
  class space    used 11775K, capacity 12561K, committed 12968K, reserved 1048576K
}
Event: 85.671 GC heap before
{Heap before GC invocations=33 (full 4):
 PSYoungGen      total 316416K, used 274432K [0x0000000760000000, 0x0000000776000000, 0x00000007c0000000)
  eden space 274432K, 100% used [0x0000000760000000,0x0000000770c00000,0x0000000770c00000)
  from space 41984K, 0% used [0x0000000773700000,0x0000000773700000,0x0000000776000000)
  to   space 43008K, 0% used [0x0000000770c00000,0x0000000770c00000,0x0000000773600000)
 ParOldGen       total 222720K, used 83515K [0x00000006a0000000, 0x00000006ad980000, 0x0000000760000000)
  object space 222720K, 37% used [0x00000006a0000000,0x00000006a518eca8,0x00000006ad980000)
 Metaspace       used 91882K, capacity 95668K, committed 97192K, reserved 1134592K
  class space    used 11778K, capacity 12562K, committed 12968K, reserved 1048576K
Event: 85.685 GC heap after
Heap after GC invocations=33 (full 4):
 PSYoungGen      total 317440K, used 6208K [0x0000000760000000, 0x0000000778d00000, 0x00000007c0000000)
  eden space 274432K, 0% used [0x0000000760000000,0x0000000760000000,0x0000000770c00000)
  from space 43008K, 14% used [0x0000000770c00000,0x0000000771210020,0x0000000773600000)
  to   space 42496K, 0% used [0x0000000776380000,0x0000000776380000,0x0000000778d00000)
 ParOldGen       total 222720K, used 83515K [0x00000006a0000000, 0x00000006ad980000, 0x0000000760000000)
  object space 222720K, 37% used [0x00000006a0000000,0x00000006a518eca8,0x00000006ad980000)
 Metaspace       used 91882K, capacity 95668K, committed 97192K, reserved 1134592K
  class space    used 11778K, capacity 12562K, committed 12968K, reserved 1048576K
}
Event: 86.553 GC heap before
{Heap before GC invocations=34 (full 4):
 PSYoungGen      total 317440K, used 280640K [0x0000000760000000, 0x0000000778d00000, 0x00000007c0000000)
  eden space 274432K, 100% used [0x0000000760000000,0x0000000770c00000,0x0000000770c00000)
  from space 43008K, 14% used [0x0000000770c00000,0x0000000771210020,0x0000000773600000)
  to   space 42496K, 0% used [0x0000000776380000,0x0000000776380000,0x0000000778d00000)
 ParOldGen       total 222720K, used 83515K [0x00000006a0000000, 0x00000006ad980000, 0x0000000760000000)
  object space 222720K, 37% used [0x00000006a0000000,0x00000006a518eca8,0x00000006ad980000)
 Metaspace       used 92005K, capacity 95762K, committed 97192K, reserved 1134592K
  class space    used 11797K, capacity 12567K, committed 12968K, reserved 1048576K
Event: 86.584 GC heap after
Heap after GC invocations=34 (full 4):
 PSYoungGen      total 364544K, used 8346K [0x0000000760000000, 0x0000000778c80000, 0x00000007c0000000)
  eden space 322560K, 0% used [0x0000000760000000,0x0000000760000000,0x0000000773b00000)
  from space 41984K, 19% used [0x0000000776380000,0x0000000776ba6ac0,0x0000000778c80000)
  to   space 41472K, 0% used [0x0000000773b00000,0x0000000773b00000,0x0000000776380000)
 ParOldGen       total 222720K, used 89420K [0x00000006a0000000, 0x00000006ad980000, 0x0000000760000000)
  object space 222720K, 40% used [0x00000006a0000000,0x00000006a5753128,0x00000006ad980000)
 Metaspace       used 92005K, capacity 95762K, committed 97192K, reserved 1134592K
  class space    used 11797K, capacity 12567K, committed 12968K, reserved 1048576K
}

