# JRE version: OpenJDK Runtime Environment (8.0_202-b03) (build 1.8.0_202-release-1483-b03)
# Java VM: OpenJDK 64-Bit Server VM (25.202-b03 mixed mode windows-amd64 compressed oops)
Heap:
 PSYoungGen      total 458752K, used 174414K [0x00000000e0000000, 0x00000000ffd80000, 0x0000000100000000)
  eden space 400896K, 41% used [0x00000000e0000000,0x00000000ea23df38,0x00000000f8780000)
  from space 57856K, 14% used [0x00000000fc500000,0x00000000fcd159d0,0x00000000ffd80000)
  to   space 60416K, 0% used [0x00000000f8780000,0x00000000f8780000,0x00000000fc280000)
 ParOldGen       total 193024K, used 110311K [0x00000000a0000000, 0x00000000abc80000, 0x00000000e0000000)
  object space 193024K, 57% used [0x00000000a0000000,0x00000000a6bb9db8,0x00000000abc80000)
 Metaspace       used 115648K, capacity 121767K, committed 122060K, reserved 1155072K
  class space    used 14567K, capacity 15710K, committed 15872K, reserved 1048576K
GC Heap History (10 events):
Event: 3346.411 GC heap before
{Heap before GC invocations=34 (full 4):
 PSYoungGen      total 303104K, used 290529K [0x00000000e0000000, 0x00000000f9100000, 0x0000000100000000)
  eden space 250368K, 100% used [0x00000000e0000000,0x00000000ef480000,0x00000000ef480000)
  from space 52736K, 76% used [0x00000000ef480000,0x00000000f1bb8518,0x00000000f2800000)
  to   space 55808K, 0% used [0x00000000f5a80000,0x00000000f5a80000,0x00000000f9100000)
 ParOldGen       total 193024K, used 63493K [0x00000000a0000000, 0x00000000abc80000, 0x00000000e0000000)
  object space 193024K, 32% used [0x00000000a0000000,0x00000000a3e01708,0x00000000abc80000)
 Metaspace       used 111769K, capacity 117217K, committed 117708K, reserved 1150976K
  class space    used 14115K, capacity 15107K, committed 15360K, reserved 1048576K
Event: 3346.446 GC heap after
Heap after GC invocations=34 (full 4):
 PSYoungGen      total 355840K, used 29074K [0x00000000e0000000, 0x00000000f9400000, 0x0000000100000000)
  eden space 300032K, 0% used [0x00000000e0000000,0x00000000e0000000,0x00000000f2500000)
  from space 55808K, 52% used [0x00000000f5a80000,0x00000000f76e4a10,0x00000000f9100000)
  to   space 54784K, 0% used [0x00000000f2500000,0x00000000f2500000,0x00000000f5a80000)
 ParOldGen       total 193024K, used 79105K [0x00000000a0000000, 0x00000000abc80000, 0x00000000e0000000)
  object space 193024K, 40% used [0x00000000a0000000,0x00000000a4d40728,0x00000000abc80000)
 Metaspace       used 111769K, capacity 117217K, committed 117708K, reserved 1150976K
  class space    used 14115K, capacity 15107K, committed 15360K, reserved 1048576K
}
Event: 3347.832 GC heap before
{Heap before GC invocations=35 (full 4):
 PSYoungGen      total 355840K, used 329106K [0x00000000e0000000, 0x00000000f9400000, 0x0000000100000000)
  eden space 300032K, 100% used [0x00000000e0000000,0x00000000f2500000,0x00000000f2500000)
  from space 55808K, 52% used [0x00000000f5a80000,0x00000000f76e4a10,0x00000000f9100000)
  to   space 54784K, 0% used [0x00000000f2500000,0x00000000f2500000,0x00000000f5a80000)
 ParOldGen       total 193024K, used 79105K [0x00000000a0000000, 0x00000000abc80000, 0x00000000e0000000)
  object space 193024K, 40% used [0x00000000a0000000,0x00000000a4d40728,0x00000000abc80000)
 Metaspace       used 112495K, capacity 117975K, committed 118220K, reserved 1153024K
  class space    used 14167K, capacity 15162K, committed 15360K, reserved 1048576K
Event: 3347.874 GC heap after
Heap after GC invocations=35 (full 4):
 PSYoungGen      total 354816K, used 54782K [0x00000000e0000000, 0x00000000fe280000, 0x0000000100000000)
  eden space 300032K, 0% used [0x00000000e0000000,0x00000000e0000000,0x00000000f2500000)
  from space 54784K, 99% used [0x00000000f2500000,0x00000000f5a7fb00,0x00000000f5a80000)
  to   space 65536K, 0% used [0x00000000fa280000,0x00000000fa280000,0x00000000fe280000)
 ParOldGen       total 193024K, used 86301K [0x00000000a0000000, 0x00000000abc80000, 0x00000000e0000000)
  object space 193024K, 44% used [0x00000000a0000000,0x00000000a5447620,0x00000000abc80000)
 Metaspace       used 112495K, capacity 117975K, committed 118220K, reserved 1153024K
  class space    used 14167K, capacity 15162K, committed 15360K, reserved 1048576K
}
Event: 4905.259 GC heap before
{Heap before GC invocations=36 (full 4):
 PSYoungGen      total 354816K, used 354814K [0x00000000e0000000, 0x00000000fe280000, 0x0000000100000000)
  eden space 300032K, 100% used [0x00000000e0000000,0x00000000f2500000,0x00000000f2500000)
  from space 54784K, 99% used [0x00000000f2500000,0x00000000f5a7fb00,0x00000000f5a80000)
  to   space 65536K, 0% used [0x00000000fa280000,0x00000000fa280000,0x00000000fe280000)
 ParOldGen       total 193024K, used 86301K [0x00000000a0000000, 0x00000000abc80000, 0x00000000e0000000)
  object space 193024K, 44% used [0x00000000a0000000,0x00000000a5447620,0x00000000abc80000)
 Metaspace       used 113959K, capacity 119665K, committed 120012K, reserved 1153024K
  class space    used 14355K, capacity 15441K, committed 15616K, reserved 1048576K
Event: 4905.326 GC heap after
Heap after GC invocations=36 (full 4):
 PSYoungGen      total 412160K, used 19977K [0x00000000e0000000, 0x00000000fd800000, 0x0000000100000000)
  eden space 357376K, 0% used [0x00000000e0000000,0x00000000e0000000,0x00000000f5d00000)
  from space 54784K, 36% used [0x00000000fa280000,0x00000000fb602670,0x00000000fd800000)
  to   space 62976K, 0% used [0x00000000f5d00000,0x00000000f5d00000,0x00000000f9a80000)
 ParOldGen       total 193024K, used 95330K [0x00000000a0000000, 0x00000000abc80000, 0x00000000e0000000)
  object space 193024K, 49% used [0x00000000a0000000,0x00000000a5d18b40,0x00000000abc80000)
 Metaspace       used 113959K, capacity 119665K, committed 120012K, reserved 1153024K
  class space    used 14355K, capacity 15441K, committed 15616K, reserved 1048576K
}
Event: 4978.832 GC heap before
{Heap before GC invocations=37 (full 4):
 PSYoungGen      total 412160K, used 377353K [0x00000000e0000000, 0x00000000fd800000, 0x0000000100000000)
  eden space 357376K, 100% used [0x00000000e0000000,0x00000000f5d00000,0x00000000f5d00000)
  from space 54784K, 36% used [0x00000000fa280000,0x00000000fb602670,0x00000000fd800000)
  to   space 62976K, 0% used [0x00000000f5d00000,0x00000000f5d00000,0x00000000f9a80000)
 ParOldGen       total 193024K, used 95330K [0x00000000a0000000, 0x00000000abc80000, 0x00000000e0000000)
  object space 193024K, 49% used [0x00000000a0000000,0x00000000a5d18b40,0x00000000abc80000)
 Metaspace       used 114644K, capacity 120489K, committed 120908K, reserved 1155072K
  class space    used 14407K, capacity 15537K, committed 15744K, reserved 1048576K
Event: 4979.983 GC heap after
Heap after GC invocations=37 (full 4):
 PSYoungGen      total 420352K, used 23073K [0x00000000e0000000, 0x0000000100000000, 0x0000000100000000)
  eden space 357376K, 0% used [0x00000000e0000000,0x00000000e0000000,0x00000000f5d00000)
  from space 62976K, 36% used [0x00000000f5d00000,0x00000000f73887b8,0x00000000f9a80000)
  to   space 60416K, 0% used [0x00000000fc500000,0x00000000fc500000,0x0000000100000000)
 ParOldGen       total 193024K, used 101518K [0x00000000a0000000, 0x00000000abc80000, 0x00000000e0000000)
  object space 193024K, 52% used [0x00000000a0000000,0x00000000a6323b90,0x00000000abc80000)
 Metaspace       used 114644K, capacity 120489K, committed 120908K, reserved 1155072K
  class space    used 14407K, capacity 15537K, committed 15744K, reserved 1048576K
}
Event: 5238.782 GC heap before
{Heap before GC invocations=38 (full 4):
 PSYoungGen      total 420352K, used 380449K [0x00000000e0000000, 0x0000000100000000, 0x0000000100000000)
  eden space 357376K, 100% used [0x00000000e0000000,0x00000000f5d00000,0x00000000f5d00000)
  from space 62976K, 36% used [0x00000000f5d00000,0x00000000f73887b8,0x00000000f9a80000)
  to   space 60416K, 0% used [0x00000000fc500000,0x00000000fc500000,0x0000000100000000)
 ParOldGen       total 193024K, used 101518K [0x00000000a0000000, 0x00000000abc80000, 0x00000000e0000000)
  object space 193024K, 52% used [0x00000000a0000000,0x00000000a6323b90,0x00000000abc80000)
 Metaspace       used 115562K, capacity 121737K, committed 122060K, reserved 1155072K
  class space    used 14563K, capacity 15705K, committed 15872K, reserved 1048576K
Event: 5238.824 GC heap after
Heap after GC invocations=38 (full 4):
 PSYoungGen      total 458752K, used 8278K [0x00000000e0000000, 0x00000000ffd80000, 0x0000000100000000)
  eden space 400896K, 0% used [0x00000000e0000000,0x00000000e0000000,0x00000000f8780000)
  from space 57856K, 14% used [0x00000000fc500000,0x00000000fcd159d0,0x00000000ffd80000)
  to   space 60416K, 0% used [0x00000000f8780000,0x00000000f8780000,0x00000000fc280000)
 ParOldGen       total 193024K, used 110311K [0x00000000a0000000, 0x00000000abc80000, 0x00000000e0000000)
  object space 193024K, 57% used [0x00000000a0000000,0x00000000a6bb9db8,0x00000000abc80000)
 Metaspace       used 115562K, capacity 121737K, committed 122060K, reserved 1155072K
  class space    used 14563K, capacity 15705K, committed 15872K, reserved 1048576K
}

